2024-06-13T09:30:26.476Z - GET /
2024-06-13T09:30:38.732Z - GET /books
2024-06-13T09:30:49.806Z - GET /book
2024-06-13T09:30:51.758Z - GET /books
2024-06-13T09:34:44.947Z - GET /books
2024-06-13T09:34:45.729Z - GET /books
2024-06-13T09:34:45.892Z - GET /books
2024-06-13T09:34:47.273Z - GET /books
2024-06-13T09:34:54.856Z - GET /books
2024-06-13T09:34:55.309Z - GET /books
2024-06-13T09:34:55.504Z - GET /books
2024-06-13T09:34:55.646Z - GET /books
2024-06-13T09:34:56.512Z - GET /books
2024-06-13T09:39:39.371Z - GET /books
2024-06-13T09:40:29.937Z - GET /books
2024-06-13T09:41:21.750Z - GET /books
2024-06-13T09:41:21.817Z - GET /favicon.ico
2024-06-13T09:42:47.449Z - POST /books
2024-06-13T09:43:26.990Z - GET /books
2024-06-13T09:46:38.895Z - GET /books
2024-06-13T09:46:39.414Z - GET /books
2024-06-13T09:46:39.854Z - GET /books
2024-06-13T09:46:45.204Z - GET /books
2024-06-13T09:46:45.772Z - GET /books
2024-06-13T09:46:46.565Z - GET /books
2024-06-13T09:46:46.816Z - GET /favicon.ico
2024-06-13T09:46:54.672Z - GET /books
2024-06-13T09:46:55.000Z - GET /books
2024-06-13T09:47:21.104Z - GET /books/1718271767455
2024-06-13T09:47:26.895Z - GET /books
2024-06-13T09:47:27.038Z - GET /books
2024-06-13T09:47:45.242Z - PUT /books/1718271767455
2024-06-13T09:47:49.524Z - GET /books
2024-06-13T09:48:10.771Z - DELETE /books/1718271767455
2024-06-13T09:48:19.729Z - GET /books
